<?xml version="1.0" encoding="UTF-8"?>
<testsuite name="com.hermes.dsh.session.RoomStoreSortTest" tests="4" skipped="0" failures="0" errors="0" timestamp="2026-09-03T10:19:26.599Z" hostname="苟富贵" time="0.003">
  <properties/>
  <testcase name="多个置顶之间也按 updatedAt 倒序" classname="com.hermes.dsh.session.RoomStoreSortTest" time="0.002"/>
  <testcase name="copy 语义 pinned 可翻转" classname="com.hermes.dsh.session.RoomStoreSortTest" time="0.0"/>
  <testcase name="置顶房间排最前 其余仍按时间倒序" classname="com.hermes.dsh.session.RoomStoreSortTest" time="0.001"/>
  <testcase name="无置顶时按 updatedAt 倒序" classname="com.hermes.dsh.session.RoomStoreSortTest" time="0.0"/>
  <system-out><![CDATA[]]></system-out>
  <system-err><![CDATA[]]></system-err>
</testsuite>
