<?xml version="1.0" encoding="UTF-8"?>
<testsuite name="com.mov.android.Upg84ModeConvergeContractTest" tests="6" skipped="0" failures="0" errors="0" timestamp="2026-09-03T14:33:25.291Z" hostname="苟富贵" time="0.025">
  <properties/>
  <testcase name="快速深思单选退役且 reasoning 绑呈现模式" classname="com.mov.android.Upg84ModeConvergeContractTest" time="0.005"/>
  <testcase name="SDK 匝道段退役而 tool help 存续" classname="com.mov.android.Upg84ModeConvergeContractTest" time="0.004"/>
  <testcase name="ChatChips 模型行单级无模式尾注" classname="com.mov.android.Upg84ModeConvergeContractTest" time="0.001"/>
  <testcase name="顶部按钮两态开关点亮（UPG-88 占位转正）" classname="com.mov.android.Upg84ModeConvergeContractTest" time="0.004"/>
  <testcase name="工具面固定全量——模式过滤与枚举全退役" classname="com.mov.android.Upg84ModeConvergeContractTest" time="0.004"/>
  <testcase name="presentation set_mode 全链路退役且只读查询存续" classname="com.mov.android.Upg84ModeConvergeContractTest" time="0.007"/>
  <system-out><![CDATA[]]></system-out>
  <system-err><![CDATA[]]></system-err>
</testsuite>
