<?xml version="1.0" encoding="UTF-8"?>
<testsuite name="com.mov.android.Upg68CredentialContractTest" tests="9" skipped="0" failures="0" errors="0" timestamp="2026-09-03T14:33:25.167Z" hostname="苟富贵" time="0.115">
  <properties/>
  <testcase name="C 源码零硬编码 partner token 常量" classname="com.mov.android.Upg68CredentialContractTest" time="0.004"/>
  <testcase name="C partnerUploadMedia 仅从 CredentialStore 句柄取 token 且 fail-closed" classname="com.mov.android.Upg68CredentialContractTest" time="0.003"/>
  <testcase name="C ensurePartnerToken 服务端下发并落 Keystore" classname="com.mov.android.Upg68CredentialContractTest" time="0.002"/>
  <testcase name="V69-4 ④ partnerHttp 401 过期触发轮换 清旧值刷新重试 无旧值重放" classname="com.mov.android.Upg68CredentialContractTest" time="0.003"/>
  <testcase name="V69-4 ① 单入口 拆串资源Base64绕行全库零命中" classname="com.mov.android.Upg68CredentialContractTest" time="0.091"/>
  <testcase name="V69-4 ③ partnerHttp 只接句柄 不接受裸 String token 参数" classname="com.mov.android.Upg68CredentialContractTest" time="0.004"/>
  <testcase name="C ensurePartnerToken 绑定设备凭据拒绝匿名领取" classname="com.mov.android.Upg68CredentialContractTest" time="0.003"/>
  <testcase name="V69-4 ② 下发径直接收落 Keystore 不落 prefs 明文 日志无 token 明文" classname="com.mov.android.Upg68CredentialContractTest" time="0.003"/>
  <testcase name="C partnerHttp 仅从 CredentialStore 句柄取 token 且 fail-closed" classname="com.mov.android.Upg68CredentialContractTest" time="0.002"/>
  <system-out><![CDATA[]]></system-out>
  <system-err><![CDATA[]]></system-err>
</testsuite>
