<?xml version="1.0" encoding="UTF-8"?>
<testsuite name="com.mov.android.approval.S06TailFixContractTest" tests="2" skipped="0" failures="0" errors="0" timestamp="2026-09-04T16:52:04.415Z" hostname="苟富贵" time="0.002">
  <properties/>
  <testcase name="S-06 ② - 精选工具 explorer 链接引号闭合且目标文件在库" classname="com.mov.android.approval.S06TailFixContractTest" time="0.002"/>
  <testcase name="S-06 ⑧ - 四死文件库内零残留（git rm 真实删除）" classname="com.mov.android.approval.S06TailFixContractTest" time="0.0"/>
  <system-out><![CDATA[]]></system-out>
  <system-err><![CDATA[]]></system-err>
</testsuite>
