<?xml version="1.0" encoding="UTF-8"?>
<testsuite name="com.mov.android.approval.AssetsHomeEngineContractTest" tests="4" skipped="0" failures="0" errors="0" timestamp="2026-09-03T19:23:51.712Z" hostname="苟富贵" time="0.002">
  <properties/>
  <testcase name="UPG89 PV-01+词表+Danger - 三道闸形态在场（锚②③④）" classname="com.mov.android.approval.AssetsHomeEngineContractTest" time="0.001"/>
  <testcase name="UPG89 Motion Intent 五词 + Intent Router 四路 + 栈深 policy（锚⑥⑦⑧）" classname="com.mov.android.approval.AssetsHomeEngineContractTest" time="0.0"/>
  <testcase name="UPG89 Registry - 九字段登记+style_vocabulary_version 1_2+壳级白名单形态（锚②③）" classname="com.mov.android.approval.AssetsHomeEngineContractTest" time="0.001"/>
  <testcase name="UPG89 军规闸+Splitter - 原始回复禁直驱（解析隔离形态）" classname="com.mov.android.approval.AssetsHomeEngineContractTest" time="0.0"/>
  <system-out><![CDATA[]]></system-out>
  <system-err><![CDATA[]]></system-err>
</testsuite>
