<?xml version="1.0" encoding="UTF-8"?>
<testsuite name="com.hermes.dsh.tools.ApprovalServiceGoalTest" tests="5" skipped="0" failures="0" errors="0" timestamp="2026-09-03T15:27:20.850Z" hostname="苟富贵" time="0.01">
  <properties/>
  <testcase name="无活跃goal选ALLOW_GOAL防御拒绝" classname="com.hermes.dsh.tools.ApprovalServiceGoalTest" time="0.003"/>
  <testcase name="goal 失效回收 complete 后同工具重新弹窗" classname="com.hermes.dsh.tools.ApprovalServiceGoalTest" time="0.002"/>
  <testcase name="新工具仍弹g目标内未放行" classname="com.hermes.dsh.tools.ApprovalServiceGoalTest" time="0.0"/>
  <testcase name="goal 内放行不弹窗且审计落 allowed-goal" classname="com.hermes.dsh.tools.ApprovalServiceGoalTest" time="0.001"/>
  <testcase name="重启清空新实例后同工具重新弹窗" classname="com.hermes.dsh.tools.ApprovalServiceGoalTest" time="0.002"/>
  <system-out><![CDATA[]]></system-out>
  <system-err><![CDATA[]]></system-err>
</testsuite>
