<?xml version="1.0" encoding="UTF-8"?>
<testsuite name="com.hermes.dsh.spill.TextRetainerTest" tests="4" skipped="0" failures="0" errors="0" timestamp="2026-09-03T15:27:20.515Z" hostname="苟富贵" time="0.001">
  <properties/>
  <testcase name="emoji 代理对边界不劈半" classname="com.hermes.dsh.spill.TextRetainerTest" time="0.0"/>
  <testcase name="全文不超预算时无省略" classname="com.hermes.dsh.spill.TextRetainerTest" time="0.001"/>
  <testcase name="head 落在 emoji 中间回退到前一码点" classname="com.hermes.dsh.spill.TextRetainerTest" time="0.0"/>
  <testcase name="中文边界 head 回退 tail 前进" classname="com.hermes.dsh.spill.TextRetainerTest" time="0.0"/>
  <system-out><![CDATA[]]></system-out>
  <system-err><![CDATA[]]></system-err>
</testsuite>
