<?xml version="1.0" encoding="UTF-8"?>
<testsuite name="com.mov.android.ChatChipsTest" tests="9" skipped="0" failures="0" errors="0" timestamp="2026-09-03T01:09:51.290Z" hostname="苟富贵" time="0.041">
  <properties/>
  <testcase name="modelRows 副文字为 provider·model 真实字段不编造" classname="com.mov.android.ChatChipsTest" time="0.022"/>
  <testcase name="工具短名剥 ext 前缀" classname="com.mov.android.ChatChipsTest" time="0.002"/>
  <testcase name="mcpGroupRows 启用组带实挂工具数停用组空" classname="com.mov.android.ChatChipsTest" time="0.006"/>
  <testcase name="mcpGroupRows 旧投影无 name enabled 字段时回退兼容" classname="com.mov.android.ChatChipsTest" time="0.001"/>
  <testcase name="modelRows 当前模型带当前模式尾注与勾选" classname="com.mov.android.ChatChipsTest" time="0.001"/>
  <testcase name="modelRows 免key模型带免费标" classname="com.mov.android.ChatChipsTest" time="0.001"/>
  <testcase name="chip 文案为 模型名 空格点空格 模式" classname="com.mov.android.ChatChipsTest" time="0.002"/>
  <testcase name="mcpGroupRows 总览投影带 name 与 enabled 真值优先" classname="com.mov.android.ChatChipsTest" time="0.004"/>
  <testcase name="modelRows 过滤停用模型并保留启用" classname="com.mov.android.ChatChipsTest" time="0.001"/>
  <system-out><![CDATA[]]></system-out>
  <system-err><![CDATA[]]></system-err>
</testsuite>
