<?xml version="1.0" encoding="UTF-8"?>
<testsuite name="com.mov.android.Upg27FixContractTest" tests="6" skipped="0" failures="0" errors="0" timestamp="2026-09-03T01:09:52.789Z" hostname="苟富贵" time="0.058">
  <properties/>
  <testcase name="onCreate 恢复持久化模式" classname="com.mov.android.Upg27FixContractTest" time="0.012"/>
  <testcase name="持久化实现齐全" classname="com.mov.android.Upg27FixContractTest" time="0.012"/>
  <testcase name="顶部极简模式钮接线 togglePresentationMode 且无占位 toast" classname="com.mov.android.Upg27FixContractTest" time="0.008"/>
  <testcase name="presentation set_mode 维持 uiOnly" classname="com.mov.android.Upg27FixContractTest" time="0.009"/>
  <testcase name="togglePresentationMode 持久化接线" classname="com.mov.android.Upg27FixContractTest" time="0.007"/>
  <testcase name="set_mode handler 持久化接线" classname="com.mov.android.Upg27FixContractTest" time="0.009"/>
  <system-out><![CDATA[]]></system-out>
  <system-err><![CDATA[]]></system-err>
</testsuite>
