<?xml version="1.0" encoding="UTF-8"?>
<testsuite name="com.hermes.dsh.guard.FabricateGuardFalsePositiveTest" tests="4" skipped="0" failures="0" errors="0" timestamp="2026-09-03T09:01:48.433Z" hostname="苟富贵" time="0.108">
  <properties/>
  <testcase name="误拦率——正常语句子集被拦比例不超 2百分之" classname="com.hermes.dsh.guard.FabricateGuardFalsePositiveTest" time="0.063"/>
  <testcase name="误拦为零时也输出统计（附带产出——命中率统计口径演示）" classname="com.hermes.dsh.guard.FabricateGuardFalsePositiveTest" time="0.037"/>
  <testcase name="幻觉编造样本全命中（漏拦归因）" classname="com.hermes.dsh.guard.FabricateGuardFalsePositiveTest" time="0.006"/>
  <testcase name="语料规模达标——正常子集至少 100 条且总规模至少 200 条" classname="com.hermes.dsh.guard.FabricateGuardFalsePositiveTest" time="0.001"/>
  <system-out><![CDATA[UPG05FP 误拦明细: 
]]></system-out>
  <system-err><![CDATA[]]></system-err>
</testsuite>
