<?xml version="1.0" encoding="UTF-8"?>
<testsuite name="com.hermes.dsh.tools.ApprovalExperienceTest" tests="8" skipped="0" failures="0" errors="0" timestamp="2026-09-03T09:01:48.967Z" hostname="苟富贵" time="0.118">
  <properties/>
  <testcase name="UPG53 记住集超上限整体清空 失败方向为多弹窗" classname="com.hermes.dsh.tools.ApprovalExperienceTest" time="0.003"/>
  <testcase name="UPG53场景3 拒绝后权限面与名单零变化" classname="com.hermes.dsh.tools.ApprovalExperienceTest" time="0.06"/>
  <testcase name="UPG53场景7 调度链放行 allowed-remembered 不误判拒绝" classname="com.hermes.dsh.tools.ApprovalExperienceTest" time="0.012"/>
  <testcase name="UPG53场景8 permissionTier万次判定毫秒级无IO退化" classname="com.hermes.dsh.tools.ApprovalExperienceTest" time="0.021"/>
  <testcase name="UPG53场景7 gate级永不豁免 canRemember拦截" classname="com.hermes.dsh.tools.ApprovalExperienceTest" time="0.0"/>
  <testcase name="UPG53场景2 ask与gate级工具人话映射全覆盖无fallback" classname="com.hermes.dsh.tools.ApprovalExperienceTest" time="0.007"/>
  <testcase name="UPG53场景7 记住命中同类免弹且审计落 allowed-remembered" classname="com.hermes.dsh.tools.ApprovalExperienceTest" time="0.011"/>
  <testcase name="UPG53场景1 free级恒放行不进审批链" classname="com.hermes.dsh.tools.ApprovalExperienceTest" time="0.001"/>
  <system-out><![CDATA[]]></system-out>
  <system-err><![CDATA[]]></system-err>
</testsuite>
