<?xml version="1.0" encoding="UTF-8"?>
<testsuite name="com.hermes.mov.exec.gate.SchemaGateTest" tests="7" skipped="0" failures="0" errors="0" timestamp="2026-09-03T02:11:45.077Z" hostname="苟富贵" time="0.002">
  <properties/>
  <testcase name="optional 字段可缺省" classname="com.hermes.mov.exec.gate.SchemaGateTest" time="0.001"/>
  <testcase name="int 契约接受整数拒绝小数" classname="com.hermes.mov.exec.gate.SchemaGateTest" time="0.0"/>
  <testcase name="enum 越界 rejected" classname="com.hermes.mov.exec.gate.SchemaGateTest" time="0.0"/>
  <testcase name="READ 契约齐整通过" classname="com.hermes.mov.exec.gate.SchemaGateTest" time="0.0"/>
  <testcase name="缺必填 rejected" classname="com.hermes.mov.exec.gate.SchemaGateTest" time="0.001"/>
  <testcase name="多余字段 rejected（失败关闭防注入）" classname="com.hermes.mov.exec.gate.SchemaGateTest" time="0.0"/>
  <testcase name="类型错 rejected" classname="com.hermes.mov.exec.gate.SchemaGateTest" time="0.0"/>
  <system-out><![CDATA[]]></system-out>
  <system-err><![CDATA[]]></system-err>
</testsuite>
