<?xml version="1.0" encoding="UTF-8"?>
<testsuite name="com.hermes.mov.exec.approval.ApprovalR1Test" tests="7" skipped="0" failures="0" errors="0" timestamp="2026-09-03T02:11:44.876Z" hostname="苟富贵" time="0.194">
  <properties/>
  <testcase name="dispatch-once - 已判 STALE 的 requestId 二次 dispatch 也拒绝" classname="com.hermes.mov.exec.approval.ApprovalR1Test" time="0.003"/>
  <testcase name="并发 decide 双通道 - 恰一 FirstWin 且已决不被覆盖（Reject 不被 Approve 覆盖）" classname="com.hermes.mov.exec.approval.ApprovalR1Test" time="0.188"/>
  <testcase name="五元同验 - 无漂移正常 approve 链复验通过 → DISPATCHED（非回归）" classname="com.hermes.mov.exec.approval.ApprovalR1Test" time="0.001"/>
  <testcase name="五元同验 - definitionVersion 漂移而 fp 不变 → STALE" classname="com.hermes.mov.exec.approval.ApprovalR1Test" time="0.001"/>
  <testcase name="五元同验 - capabilityId 移除 → STALE 不 dispatch" classname="com.hermes.mov.exec.approval.ApprovalR1Test" time="0.0"/>
  <testcase name="dispatch-once - 已派发 requestId 二次 dispatch 拒绝" classname="com.hermes.mov.exec.approval.ApprovalR1Test" time="0.001"/>
  <testcase name="五元同验 - SchemaGate 重跑收紧而 fp与version 不变 → STALE" classname="com.hermes.mov.exec.approval.ApprovalR1Test" time="0.0"/>
  <system-out><![CDATA[]]></system-out>
  <system-err><![CDATA[]]></system-err>
</testsuite>
