<?xml version="1.0" encoding="UTF-8"?>
<testsuite name="com.mov.android.Upg68BizCredentialContractTest" tests="3" skipped="0" failures="0" errors="0" timestamp="2026-09-03T21:55:27.739Z" hostname="苟富贵" time="0.005">
  <properties/>
  <testcase name="E 全库无其它商业 token 明文写点（mov_biz mov_login 单源）" classname="com.mov.android.Upg68BizCredentialContractTest" time="0.002"/>
  <testcase name="E LoginState token 走 CredentialStore 且不写明文 prefs" classname="com.mov.android.Upg68BizCredentialContractTest" time="0.002"/>
  <testcase name="E BizStore token 走 CredentialStore 且不写明文 prefs" classname="com.mov.android.Upg68BizCredentialContractTest" time="0.001"/>
  <system-out><![CDATA[]]></system-out>
  <system-err><![CDATA[]]></system-err>
</testsuite>
