<?xml version="1.0" encoding="UTF-8"?>
<testsuite name="com.mov.android.Upg84ModeConvergeContractTest" tests="6" skipped="0" failures="0" errors="0" timestamp="2026-09-03T21:55:28.076Z" hostname="苟富贵" time="0.063">
  <properties/>
  <testcase name="快速深思单选退役且 reasoning 绑呈现模式" classname="com.mov.android.Upg84ModeConvergeContractTest" time="0.016"/>
  <testcase name="SDK 匝道段退役而 tool help 存续" classname="com.mov.android.Upg84ModeConvergeContractTest" time="0.012"/>
  <testcase name="ChatChips 模型行单级无模式尾注" classname="com.mov.android.Upg84ModeConvergeContractTest" time="0.0"/>
  <testcase name="顶部按钮两态开关点亮（UPG-88 占位转正）" classname="com.mov.android.Upg84ModeConvergeContractTest" time="0.01"/>
  <testcase name="工具面固定全量——模式过滤与枚举全退役" classname="com.mov.android.Upg84ModeConvergeContractTest" time="0.013"/>
  <testcase name="presentation set_mode 全链路退役且只读查询存续" classname="com.mov.android.Upg84ModeConvergeContractTest" time="0.011"/>
  <system-out><![CDATA[]]></system-out>
  <system-err><![CDATA[]]></system-err>
</testsuite>
