<?xml version="1.0" encoding="UTF-8"?>
<testsuite name="com.hermes.dsh.tools.ApprovalQueueTest" tests="4" skipped="0" failures="0" errors="0" timestamp="2026-09-03T02:08:18.392Z" hostname="苟富贵" time="0.21">
  <properties/>
  <testcase name="A2全部本轮允许批量清队列且onlyonce留逐条" classname="com.hermes.dsh.tools.ApprovalQueueTest" time="0.025"/>
  <testcase name="A1-2队首超时自动拒绝且下一窗自动出现并落足迹" classname="com.hermes.dsh.tools.ApprovalQueueTest" time="0.151"/>
  <testcase name="A2外部complete尾项免弹允许且队列清空" classname="com.hermes.dsh.tools.ApprovalQueueTest" time="0.016"/>
  <testcase name="A1-1 并发三请求FIFO依次展示全部有结论" classname="com.hermes.dsh.tools.ApprovalQueueTest" time="0.017"/>
  <system-out><![CDATA[]]></system-out>
  <system-err><![CDATA[]]></system-err>
</testsuite>
