<?xml version="1.0" encoding="UTF-8"?>
<testsuite name="com.hermes.dsh.tools.ApprovalServiceTurnTest" tests="3" skipped="0" failures="0" errors="0" timestamp="2026-09-03T02:08:18.612Z" hostname="苟富贵" time="0.005">
  <properties/>
  <testcase name="允许本轮后同turn同工具不再弹窗" classname="com.hermes.dsh.tools.ApprovalServiceTurnTest" time="0.002"/>
  <testcase name="拒绝不记录下次重复弹" classname="com.hermes.dsh.tools.ApprovalServiceTurnTest" time="0.002"/>
  <testcase name="跨turn重置重新弹窗" classname="com.hermes.dsh.tools.ApprovalServiceTurnTest" time="0.001"/>
  <system-out><![CDATA[]]></system-out>
  <system-err><![CDATA[]]></system-err>
</testsuite>
